<?xml version="1.0" encoding="UTF-8"?>
<testsuite name="Tests" tests="4" skipped="0" failures="0" errors="0" timestamp="2022-12-11T13:20:41" hostname="BASIA" time="0.023">
  <properties/>
  <testcase name="testSolution" classname="Tests" time="0.014"/>
  <testcase name="testSolution2" classname="Tests" time="0.002"/>
  <testcase name="testSolution3" classname="Tests" time="0.002"/>
  <testcase name="testSolution4" classname="Tests" time="0.003"/>
  <system-out><![CDATA[]]></system-out>
  <system-err><![CDATA[]]></system-err>
</testsuite>
