<?xml version="1.0" encoding="UTF-8"?>
<testsuite name="Tests" tests="6" skipped="0" failures="0" errors="0" timestamp="2022-12-23T18:59:34" hostname="BASIA" time="0.012">
  <properties/>
  <testcase name="testSolution" classname="Tests" time="0.008"/>
  <testcase name="testSolution2" classname="Tests" time="0.001"/>
  <testcase name="testSolution3" classname="Tests" time="0.001"/>
  <testcase name="testSolution4" classname="Tests" time="0.001"/>
  <testcase name="testSolution5" classname="Tests" time="0.001"/>
  <testcase name="testSolution6" classname="Tests" time="0.0"/>
  <system-out><![CDATA[]]></system-out>
  <system-err><![CDATA[]]></system-err>
</testsuite>
